<?xml version="1.0" encoding="UTF-8"?>
<!-- Generated by org.testng.reporters.JUnitReportReporter -->
<testsuite hostname="DESKTOP-1TRT2QP" failures="0" tests="1" name="test.TestCase2" time="5.107" errors="0" timestamp="2023-07-17T01:04:28 CDT" skipped="0">
  <testcase classname="test.TestCase2" name="test" time="5.107"/>
  <system-out/>
</testsuite> <!-- test.TestCase2 -->
