<?xml version="1.0" encoding="UTF-8"?>
<!-- Generated by org.testng.reporters.JUnitReportReporter -->
<testsuite hostname="DESKTOP-1TRT2QP" failures="0" tests="1" name="test.UITest" time="23.302" errors="0" timestamp="2023-07-06T21:29:05 CDT" skipped="0">
  <testcase classname="test.UITest" name="testCase" time="23.302"/>
  <system-out/>
</testsuite> <!-- test.UITest -->
