<?xml version="1.0" encoding="UTF-8"?>
<!-- Generated by org.testng.reporters.JUnitReportReporter -->
<testsuite hostname="DESKTOP-1TRT2QP" failures="0" tests="1" name="test.RestAPITest" time="1.870" errors="0" timestamp="2023-06-26T23:08:13 CDT" skipped="0">
  <testcase classname="test.RestAPITest" name="restAPITest" time="1.870"/>
  <system-out/>
</testsuite> <!-- test.RestAPITest -->
