<?xml version="1.0" encoding="UTF-8"?>
<!-- Generated by org.testng.reporters.JUnitReportReporter -->
<testsuite hostname="DESKTOP-1TRT2QP" failures="0" tests="1" name="test.MainTest" time="0.006" errors="0" timestamp="2023-05-12T21:29:16 CDT" skipped="0">
  <testcase classname="test.MainTest" name="test" time="0.006"/>
  <system-out/>
</testsuite> <!-- test.MainTest -->
