<?xml version="1.0" encoding="UTF-8"?>
<!-- Generated by org.testng.reporters.JUnitReportReporter -->
<testsuite hostname="DESKTOP-1TRT2QP" failures="0" tests="4" name="test.UITest" time="29.715" errors="0" timestamp="2023-06-01T15:13:00 CDT" skipped="0">
  <testcase classname="test.UITest" name="testCase3" time="3.302"/>
  <system-out/>
  <testcase classname="test.UITest" name="testCase2" time="12.243"/>
  <system-out/>
  <testcase classname="test.UITest" name="testCase1" time="12.927"/>
  <system-out/>
  <testcase classname="test.UITest" name="testCase4" time="1.243"/>
  <system-out/>
</testsuite> <!-- test.UITest -->
