<?xml version="1.0" encoding="UTF-8"?>
<!-- Generated by org.testng.reporters.JUnitReportReporter -->
<testsuite hostname="DESKTOP-1TRT2QP" failures="0" tests="1" name="tests.MainTest" time="36.285" errors="0" timestamp="2023-08-03T02:53:36 CDT" skipped="0">
  <testcase classname="tests.MainTest" name="test" time="36.285"/>
  <system-out/>
</testsuite> <!-- tests.MainTest -->
